[0.008s] Invoking command in '/home/jaykumaran/Robotics/monocular_slam_vo_ros/ros2_ws/build/slam_ros2': CMAKE_PREFIX_PATH=${CMAKE_PREFIX_PATH}:/opt/ros/humble /usr/bin/cmake --build /home/jaykumaran/Robotics/monocular_slam_vo_ros/ros2_ws/build/slam_ros2 -- -j12 -l12
[0.047s] [35m[1mConsolidate compiler generated dependencies of target video_publisher_node[0m
[0.062s] [ 42%] Built target slam_core
[0.066s] [ 71%] Built target video_publisher_node
[0.088s] [ 85%] [32mBuilding CXX object CMakeFiles/slam_node.dir/src/slam_node.cpp.o[0m
[2.178s] [01m[K/home/jaykumaran/Robotics/monocular_slam_vo_ros/ros2_ws/src/slam_ros2/src/slam_node.cpp:172:23:[m[K [01;31m[Kerror: [m[Kâ€˜[01m[Klast_frame[m[Kâ€™ has not been declared
[2.178s]   172 |     cv::drawKeypoints([01;31m[Klast_frame[m[K.image_grey, last_frame.kps, debug_image);
[2.178s]       |                       [01;31m[K^~~~~~~~~~[m[K
[2.178s] [01m[K/home/jaykumaran/Robotics/monocular_slam_vo_ros/ros2_ws/src/slam_ros2/src/slam_node.cpp:172:33:[m[K [01;31m[Kerror: [m[Kexpected â€˜[01m[K,[m[Kâ€™ or â€˜[01m[K...[m[Kâ€™ before â€˜[01m[K.[m[Kâ€™ token
[2.179s]   172 |     cv::drawKeypoints(last_frame[01;31m[K.[m[Kimage_grey, last_frame.kps, debug_image);
[2.179s]       |                                 [01;31m[K^[m[K
[2.179s] [01m[K/home/jaykumaran/Robotics/monocular_slam_vo_ros/ros2_ws/src/slam_ros2/src/slam_node.cpp:172:5:[m[K [01;31m[Kerror: [m[KISO C++ forbids declaration of â€˜[01m[KdrawKeypoints[m[Kâ€™ with no type [[01;31m[K]8;;https://gcc.gnu.org/onlinedocs/gcc/Warning-Options.html#index-fpermissive-fpermissive]8;;[m[K]
[2.179s]   172 |     [01;31m[Kcv[m[K::drawKeypoints(last_frame.image_grey, last_frame.kps, debug_image);
[2.179s]       |     [01;31m[K^~[m[K
[2.179s] [01m[K/home/jaykumaran/Robotics/monocular_slam_vo_ros/ros2_ws/src/slam_ros2/src/slam_node.cpp:172:5:[m[K [01;31m[Kerror: [m[Kinvalid use of â€˜[01m[K::[m[Kâ€™
[2.179s] [01m[K/home/jaykumaran/Robotics/monocular_slam_vo_ros/ros2_ws/src/slam_ros2/src/slam_node.cpp:175:5:[m[K [01;31m[Kerror: [m[Knon-static data member declared with placeholder â€˜[01m[Kauto[m[Kâ€™
[2.179s]   175 |     [01;31m[Kauto[m[K debug_image_msg = cv_bridge::CvImage(std_msgs::msg::Header(), "bgr8", debug_image).toImageMsg();
[2.179s]       |     [01;31m[K^~~~[m[K
[2.181s] [01m[K/home/jaykumaran/Robotics/monocular_slam_vo_ros/ros2_ws/src/slam_ros2/src/slam_node.cpp:176:5:[m[K [01;31m[Kerror: [m[Kâ€˜[01m[Kdebug_image_msg[m[Kâ€™ does not name a type
[2.181s]   176 |     [01;31m[Kdebug_image_msg[m[K->header.stamp = stamp;
[2.181s]       |     [01;31m[K^~~~~~~~~~~~~~~[m[K
[2.183s] [01m[K/home/jaykumaran/Robotics/monocular_slam_vo_ros/ros2_ws/src/slam_ros2/src/slam_node.cpp:177:5:[m[K [01;31m[Kerror: [m[Kâ€˜[01m[Kdebug_image_msg[m[Kâ€™ does not name a type
[2.183s]   177 |     [01;31m[Kdebug_image_msg[m[K->header.frame_id = "camera_link";
[2.183s]       |     [01;31m[K^~~~~~~~~~~~~~~[m[K
[2.186s] [01m[K/home/jaykumaran/Robotics/monocular_slam_vo_ros/ros2_ws/src/slam_ros2/src/slam_node.cpp:178:5:[m[K [01;31m[Kerror: [m[Kâ€˜[01m[Kdebug_image_pub_[m[Kâ€™ does not name a type
[2.186s]   178 |     [01;31m[Kdebug_image_pub_[m[K->publish(*debug_image_msg);
[2.186s]       |     [01;31m[K^~~~~~~~~~~~~~~~[m[K
[5.235s] gmake[2]: *** [CMakeFiles/slam_node.dir/build.make:76: CMakeFiles/slam_node.dir/src/slam_node.cpp.o] Error 1
[5.235s] gmake[1]: *** [CMakeFiles/Makefile2:193: CMakeFiles/slam_node.dir/all] Error 2
[5.235s] gmake: *** [Makefile:146: all] Error 2
[5.237s] Invoked command in '/home/jaykumaran/Robotics/monocular_slam_vo_ros/ros2_ws/build/slam_ros2' returned '2': CMAKE_PREFIX_PATH=${CMAKE_PREFIX_PATH}:/opt/ros/humble /usr/bin/cmake --build /home/jaykumaran/Robotics/monocular_slam_vo_ros/ros2_ws/build/slam_ros2 -- -j12 -l12
