[ 28%] Built target video_publisher_node
[ 71%] Built target slam_core
[35m[1mConsolidate compiler generated dependencies of target slam_node[0m
[ 85%] [32mBuilding CXX object CMakeFiles/slam_node.dir/src/slam_node.cpp.o[0m
[01m[K/home/jaykumaran/Robotics/monocular_slam_vo_ros/ros2_ws/src/slam_ros2/src/slam_node.cpp:[m[K In member function â€˜[01m[Kvoid SlamNode::publish_results(const rclcpp::Time&)[m[Kâ€™:
[01m[K/home/jaykumaran/Robotics/monocular_slam_vo_ros/ros2_ws/src/slam_ros2/src/slam_node.cpp:132:22:[m[K [01;31m[Kerror: [m[Kâ€˜[01m[KPoiInsertntCloud2Iterator[m[Kâ€™ is not a member of â€˜[01m[Ksensor_msgs[m[Kâ€™; did you mean â€˜[01m[KPointCloud2Iterator[m[Kâ€™?
  132 |         sensor_msgs::[01;31m[KPoiInsertntCloud2Iterator[m[K<uint8_t> iter_b(cloud_msg, "b");
      |                      [01;31m[K^~~~~~~~~~~~~~~~~~~~~~~~~[m[K
      |                      [32m[KPointCloud2Iterator[m[K
[01m[K/home/jaykumaran/Robotics/monocular_slam_vo_ros/ros2_ws/src/slam_ros2/src/slam_node.cpp:132:55:[m[K [01;31m[Kerror: [m[Kexpected primary-expression before â€˜[01m[K>[m[Kâ€™ token
  132 |      sensor_msgs::PoiInsertntCloud2Iterator<uint8_t[01;31m[K>[m[K iter_b(cloud_msg, "b");
      |                                                    [01;31m[K^[m[K

[01m[K/home/jaykumaran/Robotics/monocular_slam_vo_ros/ros2_ws/src/slam_ros2/src/slam_node.cpp:132:57:[m[K [01;31m[Kerror: [m[Kâ€˜[01m[Kiter_b[m[Kâ€™ was not declared in this scope; did you mean â€˜[01m[Kiter_g[m[Kâ€™?
  132 |    sensor_msgs::PoiInsertntCloud2Iterator<uint8_t> [01;31m[Kiter_b[m[K(cloud_msg, "b");
      |                                                    [01;31m[K^~~~~~[m[K
      |                                                    [32m[Kiter_g[m[K
[01m[K/home/jaykumaran/Robotics/monocular_slam_vo_ros/ros2_ws/src/slam_ros2/src/slam_node.cpp:148:25:[m[K [01;31m[Kerror: [m[Kâ€˜[01m[KInsertiter_y[m[Kâ€™ was not declared in this scope
  148 |             ++iter_x; ++[01;31m[KInsertiter_y[m[K; ++iter_z; ++iter_r;
      |                         [01;31m[K^~~~~~~~~~~~[m[K
gmake[2]: *** [CMakeFiles/slam_node.dir/build.make:76: CMakeFiles/slam_node.dir/src/slam_node.cpp.o] Error 1
gmake[1]: *** [CMakeFiles/Makefile2:193: CMakeFiles/slam_node.dir/all] Error 2
gmake: *** [Makefile:146: all] Error 2
